[18:33:38] [main/INFO]: Setting user: Player786
[18:33:39] [Client thread/INFO]: LWJGL Version: 2.9.1
[18:33:45] [Client thread/INFO]: Reloading ResourceManager: Default, FMLFileResourcePack:Forge Mod Loader, FMLFileResourcePack:Minecraft Forge, FMLFileResourcePack:Astral Mod
[18:33:46] [Sound Library Loader/INFO]: Sound engine started
[18:33:47] [Client thread/INFO]: Created: 16x16 textures/blocks-atlas
[18:33:47] [Client thread/INFO]: Created: 16x16 textures/items-atlas
[18:33:47] [Client thread/INFO]: Reloading ResourceManager: Default, FMLFileResourcePack:Forge Mod Loader, FMLFileResourcePack:Minecraft Forge, FMLFileResourcePack:Astral Mod
[18:33:47] [Client thread/INFO]: Created: 512x256 textures/blocks-atlas
[18:33:47] [Client thread/INFO]: Created: 256x256 textures/items-atlas
[18:33:48] [Sound Library Loader/INFO]: Sound engine started
[18:33:55] [Server thread/INFO]: Starting integrated minecraft server version 1.7.10
[18:33:55] [Server thread/INFO]: Generating keypair
[18:33:55] [Server thread/INFO]: Preparing start region for level 0
[18:33:56] [Server thread/INFO]: Changing view distance to 12, from 10
[18:33:56] [Server thread/INFO]: Player786[local:E:67d7fc1c] logged in with entity id 351 at (-182.80318084843884, 76.88168928952359, 249.1944262826951)
[18:33:56] [Server thread/INFO]: Player786 a rejoint la partie
[18:33:57] [Client thread/WARN]: Failed to load texture: astral:textures/entity/mob/mob_astral.png
java.io.FileNotFoundException: astral:textures/entity/mob/mob_astral.png
	at net.minecraft.client.resources.FallbackResourceManager.getResource(FallbackResourceManager.java:65) ~[FallbackResourceManager.class:?]
	at net.minecraft.client.resources.SimpleReloadableResourceManager.getResource(SimpleReloadableResourceManager.java:67) ~[SimpleReloadableResourceManager.class:?]
	at net.minecraft.client.renderer.texture.SimpleTexture.loadTexture(SimpleTexture.java:35) ~[SimpleTexture.class:?]
	at net.minecraft.client.renderer.texture.TextureManager.loadTexture(TextureManager.java:89) [TextureManager.class:?]
	at net.minecraft.client.renderer.texture.TextureManager.bindTexture(TextureManager.java:45) [TextureManager.class:?]
	at net.minecraft.client.renderer.entity.Render.bindTexture(Render.java:60) [Render.class:?]
	at net.minecraft.client.renderer.entity.Render.bindEntityTexture(Render.java:55) [Render.class:?]
	at net.minecraft.client.renderer.entity.RendererLivingEntity.renderModel(RendererLivingEntity.java:305) [RendererLivingEntity.class:?]
	at net.minecraft.client.renderer.entity.RendererLivingEntity.doRender(RendererLivingEntity.java:165) [RendererLivingEntity.class:?]
	at net.minecraft.client.renderer.entity.RenderLiving.doRender(RenderLiving.java:36) [RenderLiving.class:?]
	at net.minecraft.client.renderer.entity.RenderBiped.doRender(RenderBiped.java:174) [RenderBiped.class:?]
	at net.minecraft.client.renderer.entity.RenderBiped.doRender(RenderBiped.java:392) [RenderBiped.class:?]
	at net.minecraft.client.renderer.entity.RenderManager.func_147939_a(RenderManager.java:300) [RenderManager.class:?]
	at net.minecraft.client.renderer.entity.RenderManager.renderEntityStatic(RenderManager.java:278) [RenderManager.class:?]
	at net.minecraft.client.renderer.entity.RenderManager.renderEntitySimple(RenderManager.java:251) [RenderManager.class:?]
	at net.minecraft.client.renderer.RenderGlobal.renderEntities(RenderGlobal.java:527) [RenderGlobal.class:?]
	at net.minecraft.client.renderer.EntityRenderer.renderWorld(EntityRenderer.java:1300) [EntityRenderer.class:?]
	at net.minecraft.client.renderer.EntityRenderer.updateCameraAndRender(EntityRenderer.java:1087) [EntityRenderer.class:?]
	at net.minecraft.client.Minecraft.runGameLoop(Minecraft.java:1067) [Minecraft.class:?]
	at net.minecraft.client.Minecraft.run(Minecraft.java:962) [Minecraft.class:?]
	at net.minecraft.client.main.Main.main(Main.java:164) [Main.class:?]
	at sun.reflect.NativeMethodAccessorImpl.invoke0(Native Method) ~[?:1.8.0_241]
	at sun.reflect.NativeMethodAccessorImpl.invoke(NativeMethodAccessorImpl.java:62) ~[?:1.8.0_241]
	at sun.reflect.DelegatingMethodAccessorImpl.invoke(DelegatingMethodAccessorImpl.java:43) ~[?:1.8.0_241]
	at java.lang.reflect.Method.invoke(Method.java:498) ~[?:1.8.0_241]
	at net.minecraft.launchwrapper.Launch.launch(Launch.java:135) [launchwrapper-1.12.jar:?]
	at net.minecraft.launchwrapper.Launch.main(Launch.java:28) [launchwrapper-1.12.jar:?]
	at net.minecraftforge.gradle.GradleStartCommon.launch(Unknown Source) [start/:?]
	at GradleStart.main(Unknown Source) [start/:?]
[18:34:03] [Server thread/INFO]: Saving and pausing game...
[18:34:03] [Server thread/INFO]: Saving chunks for level 'Astral Test'/Overworld
[18:34:03] [Server thread/INFO]: Saving chunks for level 'Astral Test'/Nether
[18:34:03] [Server thread/INFO]: Saving chunks for level 'Astral Test'/The End
[18:34:49] [Server thread/INFO]: Stopping server
[18:34:49] [Server thread/INFO]: Saving players
[18:34:49] [Server thread/INFO]: Saving worlds
[18:34:49] [Server thread/INFO]: Saving chunks for level 'Astral Test'/Overworld
[18:34:49] [Server thread/INFO]: Saving chunks for level 'Astral Test'/Nether
[18:34:49] [Server thread/INFO]: Saving chunks for level 'Astral Test'/The End
[18:34:50] [Client thread/INFO]: Stopping!
