[14:34:10] [Client thread/INFO]: Setting user: Player90
[14:34:13] [Client thread/INFO]: LWJGL Version: 2.9.4
[14:34:16] [Client thread/INFO]: Reloading ResourceManager: Default, FMLFileResourcePack:Forge Mod Loader, FMLFileResourcePack:Minecraft Forge, FMLFileResourcePack:Astral Mod
[14:34:20] [Sound Library Loader/INFO]: Starting up SoundSystem...
[14:34:20] [Thread-8/INFO]: Initializing LWJGL OpenAL
[14:34:20] [Thread-8/INFO]: (The LWJGL binding of OpenAL.  For more information, see http://www.lwjgl.org)
[14:34:20] [Thread-8/INFO]: OpenAL initialized.
[14:34:20] [Sound Library Loader/INFO]: Sound engine started
[14:34:23] [Client thread/INFO]: Created: 16x16 textures-atlas
[14:34:24] [Client thread/INFO]: Reloading ResourceManager: Default, FMLFileResourcePack:Forge Mod Loader, FMLFileResourcePack:Minecraft Forge, FMLFileResourcePack:Astral Mod
[14:34:27] [Client thread/INFO]: SoundSystem shutting down...
[14:34:27] [Client thread/WARN]: Author: Paul Lamb, www.paulscode.com
[14:34:27] [Sound Library Loader/INFO]: Starting up SoundSystem...
[14:34:27] [Thread-10/INFO]: Initializing LWJGL OpenAL
[14:34:27] [Thread-10/INFO]: (The LWJGL binding of OpenAL.  For more information, see http://www.lwjgl.org)
[14:34:27] [Thread-10/INFO]: OpenAL initialized.
[14:34:28] [Sound Library Loader/INFO]: Sound engine started
[14:34:31] [Client thread/INFO]: Created: 1024x512 textures-atlas
[14:35:29] [Client thread/INFO]: Stopping!
[14:35:29] [Client thread/INFO]: SoundSystem shutting down...
[14:35:29] [Client thread/WARN]: Author: Paul Lamb, www.paulscode.com
